C51 COMPILER V9.01   PUBLIC                                                                05/13/2022 16:02:39 PAGE 1   


C51 COMPILER V9.01, COMPILATION OF MODULE PUBLIC
OBJECT MODULE PLACED IN .\Obj\public.obj
COMPILER INVOKED BY: C:\apps\keilc51901\C51\BIN\C51.EXE Public\public.c BROWSE INCDIR(.\App\24c02;.\App\iic;.\App\key;.\
                    -App\smg;.\Public;.\App\ds18b20;.\App\ds1302;.\App\ired;.\App\time;.\App\xpt2046;.\App\pwm;.\App\lcd1602) DEBUG OBJECTEXT
                    -END PRINT(.\Obj\public.lst) OBJECT(.\Obj\public.obj)

line level    source

   1          #include "public.h"
   2          void delay10us(void)   //误差 -0.1us
   3          {
   4   1          unsigned char a;
   5   1          for(a=14;a>0;a--);
   6   1      }
   7          
   8          void delay_10us(u16 ten_us)
   9          {
  10   1              while(ten_us--)delay10us();     
  11   1      }
  12          void delay1ms(void)   //误差 -0.1us
  13          {
  14   1          unsigned char a,b,c;
  15   1          for(c=26;c>0;c--)
  16   1              for(b=25;b>0;b--)
  17   1                  for(a=1;a>0;a--);
  18   1      }
  19          void delay_ms(u16 ms)
  20          {
  21   1              while(ms--)delay1ms();
  22   1      }


MODULE INFORMATION:   STATIC OVERLAYABLE
   CODE SIZE        =     58    ----
   CONSTANT SIZE    =   ----    ----
   XDATA SIZE       =   ----    ----
   PDATA SIZE       =   ----    ----
   DATA SIZE        =   ----    ----
   IDATA SIZE       =   ----    ----
   BIT SIZE         =   ----    ----
END OF MODULE INFORMATION.


C51 COMPILATION COMPLETE.  0 WARNING(S),  0 ERROR(S)
